Running: python train_student.py --path_t ./save/teachers/models/resnet38x2_vanilla_cifar100_trial_1/resnet38x2_best.pth --epochs 240 --learning_rate 0.01  --distill similarity --model_s resnet8x4 -c 1 -d 1 -b 0 --trial 0 --gpu_id 0
Use GPU: 0 for training
==> loading teacher model
==> done
Files already downloaded and verified
Files already downloaded and verified
Test: [0/313]	GPU: 0	Time: 0.469	Loss 0.9604	Acc@1 81.250	Acc@5 87.500
Test: [200/313]	GPU: 0	Time: 0.963	Loss 1.0121	Acc@1 76.150	Acc@5 93.532
teacher accuracy:  76.3
==> training...
Epoch: [1][0/782]	GPU 0	Time: 1.266	Loss 17.9808	Acc@1 0.000	Acc@5 9.375
Epoch: [1][200/782]	GPU 0	Time: 3.690	Loss 16.3179	Acc@1 5.986	Acc@5 21.214
Epoch: [1][400/782]	GPU 0	Time: 6.006	Loss 15.7644	Acc@1 8.116	Acc@5 26.940
Epoch: [1][600/782]	GPU 0	Time: 8.346	Loss 15.3161	Acc@1 9.869	Acc@5 30.644
 * Epoch 1, GPU 0, Acc@1 11.562, Acc@5 33.864, Time 19.85
GPU 0 validating
Test: [0/313]	GPU: 0	Time: 0.507	Loss 4.0267	Acc@1 9.375	Acc@5 40.625
Test: [200/313]	GPU: 0	Time: 0.838	Loss 3.9106	Acc@1 15.594	Acc@5 41.589
 ** Acc@1 15.460, Acc@5 41.930
saving the best model!
==> training...
Epoch: [2][0/782]	GPU 0	Time: 1.100	Loss 12.0790	Acc@1 26.562	Acc@5 60.938
Epoch: [2][200/782]	GPU 0	Time: 3.369	Loss 13.0706	Acc@1 21.121	Acc@5 50.311
Epoch: [2][400/782]	GPU 0	Time: 5.623	Loss 12.9028	Acc@1 21.848	Acc@5 51.266
Epoch: [2][600/782]	GPU 0	Time: 7.939	Loss 12.6515	Acc@1 22.712	Acc@5 53.107
 * Epoch 2, GPU 0, Acc@1 23.638, Acc@5 54.342, Time 19.24
GPU 0 validating
Test: [0/313]	GPU: 0	Time: 0.615	Loss 2.9055	Acc@1 34.375	Acc@5 59.375
Test: [200/313]	GPU: 0	Time: 0.980	Loss 3.0301	Acc@1 26.648	Acc@5 58.489
 ** Acc@1 26.880, Acc@5 58.750
saving the best model!
==> training...
Epoch: [3][0/782]	GPU 0	Time: 1.145	Loss 12.1272	Acc@1 32.812	Acc@5 59.375
Epoch: [3][200/782]	GPU 0	Time: 3.513	Loss 11.4146	Acc@1 29.501	Acc@5 61.894
Epoch: [3][400/782]	GPU 0	Time: 5.931	Loss 11.2371	Acc@1 29.762	Acc@5 62.699
Epoch: [3][600/782]	GPU 0	Time: 8.334	Loss 11.0948	Acc@1 30.930	Acc@5 63.839
 * Epoch 3, GPU 0, Acc@1 31.804, Acc@5 64.830, Time 19.87
GPU 0 validating
Test: [0/313]	GPU: 0	Time: 0.666	Loss 2.3985	Acc@1 46.875	Acc@5 68.750
Test: [200/313]	GPU: 0	Time: 1.019	Loss 2.7183	Acc@1 34.033	Acc@5 68.144
 ** Acc@1 34.190, Acc@5 67.960
saving the best model!
==> training...
Epoch: [4][0/782]	GPU 0	Time: 1.279	Loss 10.0102	Acc@1 29.688	Acc@5 62.500
Epoch: [4][200/782]	GPU 0	Time: 3.618	Loss 10.1305	Acc@1 36.357	Acc@5 69.955
Epoch: [4][400/782]	GPU 0	Time: 5.988	Loss 10.0003	Acc@1 36.954	Acc@5 70.418
Epoch: [4][600/782]	GPU 0	Time: 8.382	Loss 9.8699	Acc@1 37.794	Acc@5 71.363
 * Epoch 4, GPU 0, Acc@1 38.388, Acc@5 71.956, Time 19.96
GPU 0 validating
Test: [0/313]	GPU: 0	Time: 0.597	Loss 2.0120	Acc@1 59.375	Acc@5 71.875
Test: [200/313]	GPU: 0	Time: 0.955	Loss 2.4305	Acc@1 40.392	Acc@5 73.181
 ** Acc@1 40.120, Acc@5 72.690
saving the best model!
==> training...
Epoch: [5][0/782]	GPU 0	Time: 1.235	Loss 8.5599	Acc@1 40.625	Acc@5 75.000
Epoch: [5][200/782]	GPU 0	Time: 3.509	Loss 9.0177	Acc@1 43.882	Acc@5 76.034
Epoch: [5][400/782]	GPU 0	Time: 5.859	Loss 8.9642	Acc@1 43.793	Acc@5 76.294
Epoch: [5][600/782]	GPU 0	Time: 8.213	Loss 8.8636	Acc@1 44.213	Acc@5 76.627
 * Epoch 5, GPU 0, Acc@1 44.570, Acc@5 77.074, Time 19.64
GPU 0 validating
Test: [0/313]	GPU: 0	Time: 0.563	Loss 2.1306	Acc@1 56.250	Acc@5 75.000
Test: [200/313]	GPU: 0	Time: 0.903	Loss 2.2749	Acc@1 43.843	Acc@5 75.808
 ** Acc@1 43.830, Acc@5 76.200
saving the best model!
==> training...
Epoch: [6][0/782]	GPU 0	Time: 1.147	Loss 8.0551	Acc@1 65.625	Acc@5 84.375
Epoch: [6][200/782]	GPU 0	Time: 3.465	Loss 8.2697	Acc@1 47.746	Acc@5 79.975
Epoch: [6][400/782]	GPU 0	Time: 5.783	Loss 8.1799	Acc@1 48.325	Acc@5 80.241
Epoch: [6][600/782]	GPU 0	Time: 8.118	Loss 8.1391	Acc@1 48.508	Acc@5 80.382
 * Epoch 6, GPU 0, Acc@1 48.762, Acc@5 80.386, Time 19.60
GPU 0 validating
Test: [0/313]	GPU: 0	Time: 0.614	Loss 2.1431	Acc@1 59.375	Acc@5 81.250
Test: [200/313]	GPU: 0	Time: 1.062	Loss 2.1060	Acc@1 48.165	Acc@5 79.664
 ** Acc@1 48.210, Acc@5 79.640
saving the best model!
==> training...
Epoch: [7][0/782]	GPU 0	Time: 1.259	Loss 7.9524	Acc@1 50.000	Acc@5 76.562
Epoch: [7][200/782]	GPU 0	Time: 3.596	Loss 7.5904	Acc@1 51.493	Acc@5 82.369
Epoch: [7][400/782]	GPU 0	Time: 5.944	Loss 7.5648	Acc@1 52.186	Acc@5 82.949
Epoch: [7][600/782]	GPU 0	Time: 8.241	Loss 7.5062	Acc@1 52.296	Acc@5 82.961
 * Epoch 7, GPU 0, Acc@1 52.614, Acc@5 83.242, Time 19.31
GPU 0 validating
Test: [0/313]	GPU: 0	Time: 0.518	Loss 1.9165	Acc@1 68.750	Acc@5 71.875
Test: [200/313]	GPU: 0	Time: 0.872	Loss 2.1573	Acc@1 48.383	Acc@5 80.068
 ** Acc@1 48.740, Acc@5 80.260
saving the best model!
==> training...
Epoch: [8][0/782]	GPU 0	Time: 1.215	Loss 6.5587	Acc@1 62.500	Acc@5 85.938
Epoch: [8][200/782]	GPU 0	Time: 3.559	Loss 7.1782	Acc@1 54.579	Acc@5 84.756
Epoch: [8][400/782]	GPU 0	Time: 5.892	Loss 7.1039	Acc@1 54.875	Acc@5 85.069
Epoch: [8][600/782]	GPU 0	Time: 8.228	Loss 7.0622	Acc@1 54.986	Acc@5 85.080
 * Epoch 8, GPU 0, Acc@1 55.306, Acc@5 85.152, Time 19.62
GPU 0 validating
Test: [0/313]	GPU: 0	Time: 0.592	Loss 2.0617	Acc@1 65.625	Acc@5 75.000
Test: [200/313]	GPU: 0	Time: 0.943	Loss 2.0693	Acc@1 51.430	Acc@5 81.996
 ** Acc@1 51.290, Acc@5 81.950
saving the best model!
==> training...
Epoch: [9][0/782]	GPU 0	Time: 1.132	Loss 6.3526	Acc@1 64.062	Acc@5 85.938
Epoch: [9][200/782]	GPU 0	Time: 3.449	Loss 6.6668	Acc@1 58.528	Acc@5 86.800
Epoch: [9][400/782]	GPU 0	Time: 5.820	Loss 6.6392	Acc@1 58.194	Acc@5 86.541
Epoch: [9][600/782]	GPU 0	Time: 8.191	Loss 6.6522	Acc@1 58.005	Acc@5 86.437
 * Epoch 9, GPU 0, Acc@1 58.020, Acc@5 86.560, Time 19.61
GPU 0 validating
Test: [0/313]	GPU: 0	Time: 0.556	Loss 1.7690	Acc@1 65.625	Acc@5 81.250
Test: [200/313]	GPU: 0	Time: 0.897	Loss 1.8879	Acc@1 53.965	Acc@5 83.924
 ** Acc@1 54.130, Acc@5 83.800
saving the best model!
==> training...
Epoch: [10][0/782]	GPU 0	Time: 1.160	Loss 6.5890	Acc@1 62.500	Acc@5 89.062
Epoch: [10][200/782]	GPU 0	Time: 3.462	Loss 6.3014	Acc@1 59.873	Acc@5 88.200
Epoch: [10][400/782]	GPU 0	Time: 5.780	Loss 6.3323	Acc@1 59.585	Acc@5 87.847
Epoch: [10][600/782]	GPU 0	Time: 8.155	Loss 6.3325	Acc@1 59.682	Acc@5 87.880
 * Epoch 10, GPU 0, Acc@1 59.732, Acc@5 87.904, Time 19.69
GPU 0 validating
Test: [0/313]	GPU: 0	Time: 0.558	Loss 1.6270	Acc@1 65.625	Acc@5 81.250
Test: [200/313]	GPU: 0	Time: 0.965	Loss 1.8738	Acc@1 55.271	Acc@5 84.313
 ** Acc@1 55.230, Acc@5 84.190
saving the best model!
==> training...
Epoch: [11][0/782]	GPU 0	Time: 1.275	Loss 5.6466	Acc@1 67.188	Acc@5 87.500
Epoch: [11][200/782]	GPU 0	Time: 3.604	Loss 6.0438	Acc@1 62.275	Acc@5 89.156
Epoch: [11][400/782]	GPU 0	Time: 5.961	Loss 6.0082	Acc@1 62.266	Acc@5 89.047
